2023-10-05 14:16:12,837 INFO Scheduler.py AddJobType(192) Handler for job type REDDIT added.
2023-10-05 14:16:12,837 INFO Scheduler.py AddJobType(192) Handler for job type YOUTUBE added.
2023-10-05 14:16:12,837 INFO Scheduler.py AddJobType(192) Handler for job type CRAWL added.
2023-10-05 14:16:12,837 INFO Scheduler.py _checkDataBaseForRunnableJobs(141) Checking for runnable jobs
2023-10-05 14:16:12,838 DEBUG atlin.py _request_get(70) Making a get request.
url: http://localhost:6010/api/v1/job
headers: {'Content-Type': 'application/json'}
params: {'job_status': 'CREATED'}
2023-10-05 14:16:12,841 DEBUG connectionpool.py _new_conn(228) Starting new HTTP connection (1): localhost:6010
2023-10-05 14:16:12,871 DEBUG connectionpool.py _make_request(456) http://localhost:6010 "GET /api/v1/job?job_status=CREATED HTTP/1.1" 200 2
2023-10-05 14:16:12,872 DEBUG atlin.py _request_get(70) Making a get request.
url: http://localhost:6010/api/v1/job
headers: {'Content-Type': 'application/json'}
params: {'job_status': 'PAUSED'}
2023-10-05 14:16:12,874 DEBUG connectionpool.py _new_conn(228) Starting new HTTP connection (1): localhost:6010
2023-10-05 14:16:12,880 DEBUG connectionpool.py _make_request(456) http://localhost:6010 "GET /api/v1/job?job_status=PAUSED HTTP/1.1" 200 2
2023-10-05 14:16:12,881 DEBUG atlin.py _request_get(70) Making a get request.
url: http://localhost:6010/api/v1/job
headers: {'Content-Type': 'application/json'}
params: {'job_status': 'RUNNING'}
2023-10-05 14:16:12,884 DEBUG connectionpool.py _new_conn(228) Starting new HTTP connection (1): localhost:6010
2023-10-05 14:16:12,889 DEBUG connectionpool.py _make_request(456) http://localhost:6010 "GET /api/v1/job?job_status=RUNNING HTTP/1.1" 200 2
2023-10-05 14:16:12,890 INFO Scheduler.py _checkDataBaseForRunnableJobs(151) 0 runnable job(s) found
2023-10-05 14:16:12,891 INFO Scheduler.py _checkExit(176) Check for exit conditions
2023-10-05 14:16:12,891 INFO Scheduler.py Run(211) Sleep for 5 seconds...
